# JRE version: OpenJDK Runtime Environment (7.0_51-b31) (build 1.7.0_51-b31)
# Java VM: OpenJDK Server VM (24.51-b03 mixed mode linux-x86 )
Heap
 PSYoungGen      total 12288K, used 1836K [0xaf740000, 0xb04c0000, 0xb2200000)
  eden space 11520K, 9% used [0xaf740000,0xaf84b988,0xb0280000)
  from space 768K, 99% used [0xb0380000,0xb043f7e0,0xb0440000)
  to   space 1024K, 0% used [0xb0280000,0xb0280000,0xb0380000)
 ParOldGen       total 69632K, used 42709K [0xaa200000, 0xae600000, 0xaf740000)
  object space 69632K, 61% used [0xaa200000,0xacbb5618,0xae600000)
 PSPermGen       total 28160K, used 19717K [0xa2200000, 0xa3d80000, 0xaa200000)
  object space 28160K, 70% used [0xa2200000,0xa35415d8,0xa3d80000)
GC Heap History (10 events):
Event: 5738.473 GC heap before
{Heap before GC invocations=170 (full 8):
 PSYoungGen      total 12288K, used 12134K [0xaf740000, 0xb03c0000, 0xb2200000)
  eden space 12032K, 100% used [0xaf740000,0xb0300000,0xb0300000)
  from space 256K, 40% used [0xb0340000,0xb0359be0,0xb0380000)
  to   space 256K, 0% used [0xb0380000,0xb0380000,0xb03c0000)
 ParOldGen       total 69632K, used 38740K [0xaa200000, 0xae600000, 0xaf740000)
  object space 69632K, 55% used [0xaa200000,0xac7d53f0,0xae600000)
 PSPermGen       total 28160K, used 19464K [0xa2200000, 0xa3d80000, 0xaa200000)
  object space 28160K, 69% used [0xa2200000,0xa3502050,0xa3d80000)
Event: 5738.475 GC heap after
Heap after GC invocations=170 (full 8):
 PSYoungGen      total 12288K, used 189K [0xaf740000, 0xb03c0000, 0xb2200000)
  eden space 12032K, 0% used [0xaf740000,0xaf740000,0xb0300000)
  from space 256K, 74% used [0xb0380000,0xb03af7c0,0xb03c0000)
  to   space 256K, 0% used [0xb0340000,0xb0340000,0xb0380000)
 ParOldGen       total 69632K, used 38740K [0xaa200000, 0xae600000, 0xaf740000)
  object space 69632K, 55% used [0xaa200000,0xac7d53f0,0xae600000)
 PSPermGen       total 28160K, used 19464K [0xa2200000, 0xa3d80000, 0xaa200000)
  object space 28160K, 69% used [0xa2200000,0xa3502050,0xa3d80000)
}
Event: 5778.350 GC heap before
{Heap before GC invocations=171 (full 8):
 PSYoungGen      total 12288K, used 12221K [0xaf740000, 0xb03c0000, 0xb2200000)
  eden space 12032K, 100% used [0xaf740000,0xb0300000,0xb0300000)
  from space 256K, 74% used [0xb0380000,0xb03af7c0,0xb03c0000)
  to   space 256K, 0% used [0xb0340000,0xb0340000,0xb0380000)
 ParOldGen       total 69632K, used 38740K [0xaa200000, 0xae600000, 0xaf740000)
  object space 69632K, 55% used [0xaa200000,0xac7d53f0,0xae600000)
 PSPermGen       total 28160K, used 19464K [0xa2200000, 0xa3d80000, 0xaa200000)
  object space 28160K, 69% used [0xa2200000,0xa3502268,0xa3d80000)
Event: 5778.352 GC heap after
Heap after GC invocations=171 (full 8):
 PSYoungGen      total 12288K, used 173K [0xaf740000, 0xb03c0000, 0xb2200000)
  eden space 12032K, 0% used [0xaf740000,0xaf740000,0xb0300000)
  from space 256K, 67% used [0xb0340000,0xb036b7c0,0xb0380000)
  to   space 256K, 0% used [0xb0380000,0xb0380000,0xb03c0000)
 ParOldGen       total 69632K, used 38740K [0xaa200000, 0xae600000, 0xaf740000)
  object space 69632K, 55% used [0xaa200000,0xac7d53f0,0xae600000)
 PSPermGen       total 28160K, used 19464K [0xa2200000, 0xa3d80000, 0xaa200000)
  object space 28160K, 69% used [0xa2200000,0xa3502268,0xa3d80000)
}
Event: 5791.207 GC heap before
{Heap before GC invocations=172 (full 8):
 PSYoungGen      total 12288K, used 12205K [0xaf740000, 0xb03c0000, 0xb2200000)
  eden space 12032K, 100% used [0xaf740000,0xb0300000,0xb0300000)
  from space 256K, 67% used [0xb0340000,0xb036b7c0,0xb0380000)
  to   space 256K, 0% used [0xb0380000,0xb0380000,0xb03c0000)
 ParOldGen       total 69632K, used 38740K [0xaa200000, 0xae600000, 0xaf740000)
  object space 69632K, 55% used [0xaa200000,0xac7d53f0,0xae600000)
 PSPermGen       total 28160K, used 19651K [0xa2200000, 0xa3d80000, 0xaa200000)
  object space 28160K, 69% used [0xa2200000,0xa3530d38,0xa3d80000)
Event: 5791.210 GC heap after
Heap after GC invocations=172 (full 8):
 PSYoungGen      total 12032K, used 246K [0xaf740000, 0xb0480000, 0xb2200000)
  eden space 11776K, 0% used [0xaf740000,0xaf740000,0xb02c0000)
  from space 256K, 96% used [0xb0380000,0xb03bdbe0,0xb03c0000)
  to   space 768K, 0% used [0xb02c0000,0xb02c0000,0xb0380000)
 ParOldGen       total 69632K, used 39610K [0xaa200000, 0xae600000, 0xaf740000)
  object space 69632K, 56% used [0xaa200000,0xac8ae930,0xae600000)
 PSPermGen       total 28160K, used 19651K [0xa2200000, 0xa3d80000, 0xaa200000)
  object space 28160K, 69% used [0xa2200000,0xa3530d38,0xa3d80000)
}
Event: 5799.499 GC heap before
{Heap before GC invocations=173 (full 8):
 PSYoungGen      total 12032K, used 12022K [0xaf740000, 0xb0480000, 0xb2200000)
  eden space 11776K, 100% used [0xaf740000,0xb02c0000,0xb02c0000)
  from space 256K, 96% used [0xb0380000,0xb03bdbe0,0xb03c0000)
  to   space 768K, 0% used [0xb02c0000,0xb02c0000,0xb0380000)
 ParOldGen       total 69632K, used 39610K [0xaa200000, 0xae600000, 0xaf740000)
  object space 69632K, 56% used [0xaa200000,0xac8ae930,0xae600000)
 PSPermGen       total 28160K, used 19706K [0xa2200000, 0xa3d80000, 0xaa200000)
  object space 28160K, 69% used [0xa2200000,0xa353e9a8,0xa3d80000)
Event: 5799.504 GC heap after
Heap after GC invocations=173 (full 8):
 PSYoungGen      total 12544K, used 685K [0xaf740000, 0xb0440000, 0xb2200000)
  eden space 11776K, 0% used [0xaf740000,0xaf740000,0xb02c0000)
  from space 768K, 89% used [0xb02c0000,0xb036b7c0,0xb0380000)
  to   space 768K, 0% used [0xb0380000,0xb0380000,0xb0440000)
 ParOldGen       total 69632K, used 42311K [0xaa200000, 0xae600000, 0xaf740000)
  object space 69632K, 60% used [0xaa200000,0xacb51e40,0xae600000)
 PSPermGen       total 28160K, used 19706K [0xa2200000, 0xa3d80000, 0xaa200000)
  object space 28160K, 69% used [0xa2200000,0xa353e9a8,0xa3d80000)
}
Event: 5800.993 GC heap before
{Heap before GC invocations=174 (full 8):
 PSYoungGen      total 12544K, used 12461K [0xaf740000, 0xb0440000, 0xb2200000)
  eden space 11776K, 100% used [0xaf740000,0xb02c0000,0xb02c0000)
  from space 768K, 89% used [0xb02c0000,0xb036b7c0,0xb0380000)
  to   space 768K, 0% used [0xb0380000,0xb0380000,0xb0440000)
 ParOldGen       total 69632K, used 42311K [0xaa200000, 0xae600000, 0xaf740000)
  object space 69632K, 60% used [0xaa200000,0xacb51e40,0xae600000)
 PSPermGen       total 28160K, used 19713K [0xa2200000, 0xa3d80000, 0xaa200000)
  object space 28160K, 70% used [0xa2200000,0xa35405c0,0xa3d80000)
Event: 5800.997 GC heap after
Heap after GC invocations=174 (full 8):
 PSYoungGen      total 12288K, used 765K [0xaf740000, 0xb04c0000, 0xb2200000)
  eden space 11520K, 0% used [0xaf740000,0xaf740000,0xb0280000)
  from space 768K, 99% used [0xb0380000,0xb043f7e0,0xb0440000)
  to   space 1024K, 0% used [0xb0280000,0xb0280000,0xb0380000)
 ParOldGen       total 69632K, used 42709K [0xaa200000, 0xae600000, 0xaf740000)
  object space 69632K, 61% used [0xaa200000,0xacbb5618,0xae600000)
 PSPermGen       total 28160K, used 19713K [0xa2200000, 0xa3d80000, 0xaa200000)
  object space 28160K, 70% used [0xa2200000,0xa35405c0,0xa3d80000)
}

