# JRE version: OpenJDK Runtime Environment (7.0_51-b31) (build 1.7.0_51-b31)
# Java VM: OpenJDK Server VM (24.51-b03 mixed mode linux-x86 )
Heap
 PSYoungGen      total 14080K, used 9032K [0xaf840000, 0xb07c0000, 0xb2300000)
  eden space 12288K, 72% used [0xaf840000,0xb00ea938,0xb0440000)
  from space 1792K, 8% used [0xb0440000,0xb04677c0,0xb0600000)
  to   space 1792K, 0% used [0xb0600000,0xb0600000,0xb07c0000)
 ParOldGen       total 69632K, used 40242K [0xaa300000, 0xae700000, 0xaf840000)
  object space 69632K, 57% used [0xaa300000,0xaca4cba8,0xae700000)
 PSPermGen       total 24576K, used 19190K [0xa2300000, 0xa3b00000, 0xaa300000)
  object space 24576K, 78% used [0xa2300000,0xa35bd9d0,0xa3b00000)
GC Heap History (10 events):
Event: 2051.288 GC heap before
{Heap before GC invocations=78 (full 11):
 PSYoungGen      total 14592K, used 12406K [0xaf840000, 0xb0940000, 0xb2300000)
  eden space 12288K, 100% used [0xaf840000,0xb0440000,0xb0440000)
  from space 2304K, 5% used [0xb0700000,0xb071dbe0,0xb0940000)
  to   space 2560K, 0% used [0xb0440000,0xb0440000,0xb06c0000)
 ParOldGen       total 69632K, used 40226K [0xaa300000, 0xae700000, 0xaf840000)
  object space 69632K, 57% used [0xaa300000,0xaca48ba8,0xae700000)
 PSPermGen       total 24576K, used 19190K [0xa2300000, 0xa3b00000, 0xaa300000)
  object space 24576K, 78% used [0xa2300000,0xa35bd9d0,0xa3b00000)
Event: 2051.291 GC heap after
Heap after GC invocations=78 (full 11):
 PSYoungGen      total 12544K, used 157K [0xaf840000, 0xb08c0000, 0xb2300000)
  eden space 12288K, 0% used [0xaf840000,0xaf840000,0xb0440000)
  from space 256K, 61% used [0xb0440000,0xb04677c0,0xb0480000)
  to   space 2304K, 0% used [0xb0680000,0xb0680000,0xb08c0000)
 ParOldGen       total 69632K, used 40230K [0xaa300000, 0xae700000, 0xaf840000)
  object space 69632K, 57% used [0xaa300000,0xaca49ba8,0xae700000)
 PSPermGen       total 24576K, used 19190K [0xa2300000, 0xa3b00000, 0xaa300000)
  object space 24576K, 78% used [0xa2300000,0xa35bd9d0,0xa3b00000)
}
Event: 2093.530 GC heap before
{Heap before GC invocations=79 (full 11):
 PSYoungGen      total 12544K, used 12445K [0xaf840000, 0xb08c0000, 0xb2300000)
  eden space 12288K, 100% used [0xaf840000,0xb0440000,0xb0440000)
  from space 256K, 61% used [0xb0440000,0xb04677c0,0xb0480000)
  to   space 2304K, 0% used [0xb0680000,0xb0680000,0xb08c0000)
 ParOldGen       total 69632K, used 40230K [0xaa300000, 0xae700000, 0xaf840000)
  object space 69632K, 57% used [0xaa300000,0xaca49ba8,0xae700000)
 PSPermGen       total 24576K, used 19190K [0xa2300000, 0xa3b00000, 0xaa300000)
  object space 24576K, 78% used [0xa2300000,0xa35bd9d0,0xa3b00000)
Event: 2093.532 GC heap after
Heap after GC invocations=79 (full 11):
 PSYoungGen      total 14592K, used 102K [0xaf840000, 0xb08c0000, 0xb2300000)
  eden space 12288K, 0% used [0xaf840000,0xaf840000,0xb0440000)
  from space 2304K, 4% used [0xb0680000,0xb0699be0,0xb08c0000)
  to   space 2304K, 0% used [0xb0440000,0xb0440000,0xb0680000)
 ParOldGen       total 69632K, used 40234K [0xaa300000, 0xae700000, 0xaf840000)
  object space 69632K, 57% used [0xaa300000,0xaca4aba8,0xae700000)
 PSPermGen       total 24576K, used 19190K [0xa2300000, 0xa3b00000, 0xaa300000)
  object space 24576K, 78% used [0xa2300000,0xa35bd9d0,0xa3b00000)
}
Event: 2135.654 GC heap before
{Heap before GC invocations=80 (full 11):
 PSYoungGen      total 14592K, used 12390K [0xaf840000, 0xb08c0000, 0xb2300000)
  eden space 12288K, 100% used [0xaf840000,0xb0440000,0xb0440000)
  from space 2304K, 4% used [0xb0680000,0xb0699be0,0xb08c0000)
  to   space 2304K, 0% used [0xb0440000,0xb0440000,0xb0680000)
 ParOldGen       total 69632K, used 40234K [0xaa300000, 0xae700000, 0xaf840000)
  object space 69632K, 57% used [0xaa300000,0xaca4aba8,0xae700000)
 PSPermGen       total 24576K, used 19190K [0xa2300000, 0xa3b00000, 0xaa300000)
  object space 24576K, 78% used [0xa2300000,0xa35bd9d0,0xa3b00000)
Event: 2135.655 GC heap after
Heap after GC invocations=80 (full 11):
 PSYoungGen      total 12544K, used 102K [0xaf840000, 0xb0840000, 0xb2300000)
  eden space 12288K, 0% used [0xaf840000,0xaf840000,0xb0440000)
  from space 256K, 40% used [0xb0440000,0xb0459be0,0xb0480000)
  to   space 2048K, 0% used [0xb0640000,0xb0640000,0xb0840000)
 ParOldGen       total 69632K, used 40234K [0xaa300000, 0xae700000, 0xaf840000)
  object space 69632K, 57% used [0xaa300000,0xaca4aba8,0xae700000)
 PSPermGen       total 24576K, used 19190K [0xa2300000, 0xa3b00000, 0xaa300000)
  object space 24576K, 78% used [0xa2300000,0xa35bd9d0,0xa3b00000)
}
Event: 2177.781 GC heap before
{Heap before GC invocations=81 (full 11):
 PSYoungGen      total 12544K, used 12390K [0xaf840000, 0xb0840000, 0xb2300000)
  eden space 12288K, 100% used [0xaf840000,0xb0440000,0xb0440000)
  from space 256K, 40% used [0xb0440000,0xb0459be0,0xb0480000)
  to   space 2048K, 0% used [0xb0640000,0xb0640000,0xb0840000)
 ParOldGen       total 69632K, used 40234K [0xaa300000, 0xae700000, 0xaf840000)
  object space 69632K, 57% used [0xaa300000,0xaca4aba8,0xae700000)
 PSPermGen       total 24576K, used 19190K [0xa2300000, 0xa3b00000, 0xaa300000)
  object space 24576K, 78% used [0xa2300000,0xa35bd9d0,0xa3b00000)
Event: 2177.783 GC heap after
Heap after GC invocations=81 (full 11):
 PSYoungGen      total 13824K, used 118K [0xaf840000, 0xb07c0000, 0xb2300000)
  eden space 12288K, 0% used [0xaf840000,0xaf840000,0xb0440000)
  from space 1536K, 7% used [0xb0640000,0xb065dbe0,0xb07c0000)
  to   space 1792K, 0% used [0xb0440000,0xb0440000,0xb0600000)
 ParOldGen       total 69632K, used 40238K [0xaa300000, 0xae700000, 0xaf840000)
  object space 69632K, 57% used [0xaa300000,0xaca4bba8,0xae700000)
 PSPermGen       total 24576K, used 19190K [0xa2300000, 0xa3b00000, 0xaa300000)
  object space 24576K, 78% used [0xa2300000,0xa35bd9d0,0xa3b00000)
}
Event: 2219.789 GC heap before
{Heap before GC invocations=82 (full 11):
 PSYoungGen      total 13824K, used 12406K [0xaf840000, 0xb07c0000, 0xb2300000)
  eden space 12288K, 100% used [0xaf840000,0xb0440000,0xb0440000)
  from space 1536K, 7% used [0xb0640000,0xb065dbe0,0xb07c0000)
  to   space 1792K, 0% used [0xb0440000,0xb0440000,0xb0600000)
 ParOldGen       total 69632K, used 40238K [0xaa300000, 0xae700000, 0xaf840000)
  object space 69632K, 57% used [0xaa300000,0xaca4bba8,0xae700000)
 PSPermGen       total 24576K, used 19190K [0xa2300000, 0xa3b00000, 0xaa300000)
  object space 24576K, 78% used [0xa2300000,0xa35bd9d0,0xa3b00000)
Event: 2219.791 GC heap after
Heap after GC invocations=82 (full 11):
 PSYoungGen      total 14080K, used 157K [0xaf840000, 0xb07c0000, 0xb2300000)
  eden space 12288K, 0% used [0xaf840000,0xaf840000,0xb0440000)
  from space 1792K, 8% used [0xb0440000,0xb04677c0,0xb0600000)
  to   space 1792K, 0% used [0xb0600000,0xb0600000,0xb07c0000)
 ParOldGen       total 69632K, used 40242K [0xaa300000, 0xae700000, 0xaf840000)
  object space 69632K, 57% used [0xaa300000,0xaca4cba8,0xae700000)
 PSPermGen       total 24576K, used 19190K [0xa2300000, 0xa3b00000, 0xaa300000)
  object space 24576K, 78% used [0xa2300000,0xa35bd9d0,0xa3b00000)
}

